0 info it worked if it ends with ok
1 verbose cli [ '/Users/jeffreyrichardson/.nvm/v0.10.40/bin/node',
1 verbose cli   '/Users/jeffreyrichardson/.nvm/v0.10.40/bin/npm',
1 verbose cli   'install',
1 verbose cli   '-g',
1 verbose cli   'phatomjs' ]
2 info using npm@1.4.28
3 info using node@v0.10.40
4 verbose cache add [ 'phatomjs', null ]
5 verbose cache add name=undefined spec="phatomjs" args=["phatomjs",null]
6 verbose parsed url { protocol: null,
6 verbose parsed url   slashes: null,
6 verbose parsed url   auth: null,
6 verbose parsed url   host: null,
6 verbose parsed url   port: null,
6 verbose parsed url   hostname: null,
6 verbose parsed url   hash: null,
6 verbose parsed url   search: null,
6 verbose parsed url   query: null,
6 verbose parsed url   pathname: 'phatomjs',
6 verbose parsed url   path: 'phatomjs',
6 verbose parsed url   href: 'phatomjs' }
7 silly lockFile 0a6b4561-phatomjs phatomjs
8 verbose lock phatomjs /Users/jeffreyrichardson/.npm/0a6b4561-phatomjs.lock
9 silly lockFile 0a6b4561-phatomjs phatomjs
10 silly lockFile 0a6b4561-phatomjs phatomjs
11 verbose addNamed [ 'phatomjs', '' ]
12 verbose addNamed [ null, '*' ]
13 silly lockFile e4d5dc42-phatomjs phatomjs@
14 verbose lock phatomjs@ /Users/jeffreyrichardson/.npm/e4d5dc42-phatomjs.lock
15 silly addNameRange { name: 'phatomjs', range: '*', hasData: false }
16 verbose request where is /phatomjs
17 verbose request registry https://registry.npmjs.org/
18 verbose request id d1464b4c847f76f8
19 verbose url raw /phatomjs
20 verbose url resolving [ 'https://registry.npmjs.org/', './phatomjs' ]
21 verbose url resolved https://registry.npmjs.org/phatomjs
22 verbose request where is https://registry.npmjs.org/phatomjs
23 info trying registry request attempt 1 at 23:29:37
24 http GET https://registry.npmjs.org/phatomjs
25 http 404 https://registry.npmjs.org/phatomjs
26 silly registry.get cb [ 404,
26 silly registry.get   { 'content-type': 'application/json',
26 silly registry.get     'cache-control': 'max-age=0',
26 silly registry.get     'content-length': '2',
26 silly registry.get     'accept-ranges': 'bytes',
26 silly registry.get     date: 'Fri, 06 Nov 2015 05:29:38 GMT',
26 silly registry.get     via: '1.1 varnish',
26 silly registry.get     age: '0',
26 silly registry.get     connection: 'keep-alive',
26 silly registry.get     'x-served-by': 'cache-dfw1824-DFW',
26 silly registry.get     'x-cache': 'MISS',
26 silly registry.get     'x-cache-hits': '0',
26 silly registry.get     'x-timer': 'S1446787778.403444,VS0,VE70' } ]
27 silly lockFile e4d5dc42-phatomjs phatomjs@
28 silly lockFile e4d5dc42-phatomjs phatomjs@
29 error 404 Not Found
29 error 404
29 error 404 'phatomjs' is not in the npm registry.
29 error 404 You should bug the author to publish it
29 error 404
29 error 404 Note that you can also install from a
29 error 404 tarball, folder, or http url, or git url.
30 error System Darwin 15.0.0
31 error command "/Users/jeffreyrichardson/.nvm/v0.10.40/bin/node" "/Users/jeffreyrichardson/.nvm/v0.10.40/bin/npm" "install" "-g" "phatomjs"
32 error cwd /Users/jeffreyrichardson/Code/soundSkape-ios
33 error node -v v0.10.40
34 error npm -v 1.4.28
35 error code E404
36 verbose exit [ 1, true ]
